Loaded model S1 from file E:\Parameter Optimization Project\US Decompressed\MATLAB Code\SC Patients\SC1\S1.osim
Couldn't find file 'sacrum.vtp'.
Couldn't find file 'pelvis.vtp'.
Couldn't find file 'l_pelvis.vtp'.
Couldn't find file 'femur_r.vtp'.
Couldn't find file 'tibia_r.vtp'.
Couldn't find file 'fibula.vtp'.
Couldn't find file 'talus.vtp'.
Couldn't find file 'foot.vtp'.
Couldn't find file 'bofoot.vtp'.
Couldn't find file 'femur_l.vtp'.
Couldn't find file 'tibia_l.vtp'.
Couldn't find file 'l_fibula.vtp'.
Couldn't find file 'l_talus.vtp'.
Couldn't find file 'l_foot.vtp'.
Couldn't find file 'l_bofoot.vtp'.
Couldn't find file 'hat_spine.vtp'.
Couldn't find file 'hat_jaw.vtp'.
Couldn't find file 'hat_skull.vtp'.
Couldn't find file 'hat_ribs.vtp'.
AbstractTool ik_GM_0 loading model 'E:\Parameter Optimization Project\US Decompressed\MATLAB Code\SC Patients\SC1\S1.osim'
Loaded model S1 from file E:\Parameter Optimization Project\US Decompressed\MATLAB Code\SC Patients\SC1\S1.osim
Couldn't find file 'sacrum.vtp'.
Couldn't find file 'pelvis.vtp'.
Couldn't find file 'l_pelvis.vtp'.
Couldn't find file 'femur_r.vtp'.
Couldn't find file 'tibia_r.vtp'.
Couldn't find file 'fibula.vtp'.
Couldn't find file 'talus.vtp'.
Couldn't find file 'foot.vtp'.
Couldn't find file 'bofoot.vtp'.
Couldn't find file 'femur_l.vtp'.
Couldn't find file 'tibia_l.vtp'.
Couldn't find file 'l_fibula.vtp'.
Couldn't find file 'l_talus.vtp'.
Couldn't find file 'l_foot.vtp'.
Couldn't find file 'l_bofoot.vtp'.
Couldn't find file 'hat_spine.vtp'.
Couldn't find file 'hat_jaw.vtp'.
Couldn't find file 'hat_skull.vtp'.
Couldn't find file 'hat_ribs.vtp'.
No external loads will be applied (external loads file not specified).

Loading coordinates from file .\Output Data\ik_GM_0.mot.
Old version storage/motion file encountered
Storage: read data file =.\Output Data\ik_GM_0.mot (nr=175 nc=2)
.. assuming rotations in Degrees.
Model::formCompleteStorages(): WARNING- Did not find column /jointset/ground_pelvis/pelvis_tilt/value in storage object.

Model::formCompleteStorages(): WARNING- Did not find column /jointset/ground_pelvis/pelvis_list/value in storage object.

Model::formCompleteStorages(): WARNING- Did not find column /jointset/ground_pelvis/pelvis_rotation/value in storage object.

Model::formCompleteStorages(): WARNING- Did not find column /jointset/ground_pelvis/pelvis_tx/value in storage object.

Model::formCompleteStorages(): WARNING- Did not find column /jointset/ground_pelvis/pelvis_ty/value in storage object.

Model::formCompleteStorages(): WARNING- Did not find column /jointset/ground_pelvis/pelvis_tz/value in storage object.

Model::formCompleteStorages(): WARNING- Did not find column /jointset/hip_r/hip_flexion_r/value in storage object.

Model::formCompleteStorages(): WARNING- Did not find column /jointset/hip_r/hip_adduction_r/value in storage object.

Model::formCompleteStorages(): WARNING- Did not find column /jointset/hip_r/hip_rotation_r/value in storage object.

Model::formCompleteStorages(): WARNING- Did not find column /jointset/knee_r/knee_angle_r/value in storage object.

Model::formCompleteStorages(): WARNING- Did not find column /jointset/subtalar_r/subtalar_angle_r/value in storage object.

Model::formCompleteStorages(): WARNING- Did not find column /jointset/mtp_r/mtp_angle_r/value in storage object.

Model::formCompleteStorages(): WARNING- Did not find column /jointset/hip_l/hip_flexion_l/value in storage object.

Model::formCompleteStorages(): WARNING- Did not find column /jointset/hip_l/hip_adduction_l/value in storage object.

Model::formCompleteStorages(): WARNING- Did not find column /jointset/hip_l/hip_rotation_l/value in storage object.

Model::formCompleteStorages(): WARNING- Did not find column /jointset/knee_l/knee_angle_l/value in storage object.

Model::formCompleteStorages(): WARNING- Did not find column /jointset/ankle_l/ankle_angle_l/value in storage object.

Model::formCompleteStorages(): WARNING- Did not find column /jointset/subtalar_l/subtalar_angle_l/value in storage object.

Model::formCompleteStorages(): WARNING- Did not find column /jointset/mtp_l/mtp_angle_l/value in storage object.

Model::formCompleteStorages(): WARNING- Did not find column /jointset/back/lumbar_extension/value in storage object.

Model::formCompleteStorages(): WARNING- Did not find column /jointset/back/lumbar_bending/value in storage object.

Model::formCompleteStorages(): WARNING- Did not find column /jointset/back/lumbar_rotation/value in storage object.

Found 175 state vectors with time stamps ranging from 4.3125 to 15.1875.
Executing the analyses from 4.3125 to 15.1875...
Printing results of investigation ik_GM_0 to E:\Parameter Optimization Project\US Decompressed\MATLAB Code\SC Patients\SC1\Results_SimpeAnkle\MuscleAnalysis.
Loaded model S1 from file E:\Parameter Optimization Project\US Decompressed\MATLAB Code\SC Patients\SC1\S1.osim
Couldn't find file 'sacrum.vtp'.
Couldn't find file 'pelvis.vtp'.
Couldn't find file 'l_pelvis.vtp'.
Couldn't find file 'femur_r.vtp'.
Couldn't find file 'tibia_r.vtp'.
Couldn't find file 'fibula.vtp'.
Couldn't find file 'talus.vtp'.
Couldn't find file 'foot.vtp'.
Couldn't find file 'bofoot.vtp'.
Couldn't find file 'femur_l.vtp'.
Couldn't find file 'tibia_l.vtp'.
Couldn't find file 'l_fibula.vtp'.
Couldn't find file 'l_talus.vtp'.
Couldn't find file 'l_foot.vtp'.
Couldn't find file 'l_bofoot.vtp'.
Couldn't find file 'hat_spine.vtp'.
Couldn't find file 'hat_jaw.vtp'.
Couldn't find file 'hat_skull.vtp'.
Couldn't find file 'hat_ribs.vtp'.
AbstractTool ik_GM_10 loading model 'E:\Parameter Optimization Project\US Decompressed\MATLAB Code\SC Patients\SC1\S1.osim'
Loaded model S1 from file E:\Parameter Optimization Project\US Decompressed\MATLAB Code\SC Patients\SC1\S1.osim
Couldn't find file 'sacrum.vtp'.
Couldn't find file 'pelvis.vtp'.
Couldn't find file 'l_pelvis.vtp'.
Couldn't find file 'femur_r.vtp'.
Couldn't find file 'tibia_r.vtp'.
Couldn't find file 'fibula.vtp'.
Couldn't find file 'talus.vtp'.
Couldn't find file 'foot.vtp'.
Couldn't find file 'bofoot.vtp'.
Couldn't find file 'femur_l.vtp'.
Couldn't find file 'tibia_l.vtp'.
Couldn't find file 'l_fibula.vtp'.
Couldn't find file 'l_talus.vtp'.
Couldn't find file 'l_foot.vtp'.
Couldn't find file 'l_bofoot.vtp'.
Couldn't find file 'hat_spine.vtp'.
Couldn't find file 'hat_jaw.vtp'.
Couldn't find file 'hat_skull.vtp'.
Couldn't find file 'hat_ribs.vtp'.
No external loads will be applied (external loads file not specified).

Loading coordinates from file .\Output Data\ik_GM_10.mot.
Old version storage/motion file encountered
Storage: read data file =.\Output Data\ik_GM_10.mot (nr=153 nc=2)
.. assuming rotations in Degrees.
Model::formCompleteStorages(): WARNING- Did not find column /jointset/ground_pelvis/pelvis_tilt/value in storage object.

Model::formCompleteStorages(): WARNING- Did not find column /jointset/ground_pelvis/pelvis_list/value in storage object.

Model::formCompleteStorages(): WARNING- Did not find column /jointset/ground_pelvis/pelvis_rotation/value in storage object.

Model::formCompleteStorages(): WARNING- Did not find column /jointset/ground_pelvis/pelvis_tx/value in storage object.

Model::formCompleteStorages(): WARNING- Did not find column /jointset/ground_pelvis/pelvis_ty/value in storage object.

Model::formCompleteStorages(): WARNING- Did not find column /jointset/ground_pelvis/pelvis_tz/value in storage object.

Model::formCompleteStorages(): WARNING- Did not find column /jointset/hip_r/hip_flexion_r/value in storage object.

Model::formCompleteStorages(): WARNING- Did not find column /jointset/hip_r/hip_adduction_r/value in storage object.

Model::formCompleteStorages(): WARNING- Did not find column /jointset/hip_r/hip_rotation_r/value in storage object.

Model::formCompleteStorages(): WARNING- Did not find column /jointset/knee_r/knee_angle_r/value in storage object.

Model::formCompleteStorages(): WARNING- Did not find column /jointset/subtalar_r/subtalar_angle_r/value in storage object.

Model::formCompleteStorages(): WARNING- Did not find column /jointset/mtp_r/mtp_angle_r/value in storage object.

Model::formCompleteStorages(): WARNING- Did not find column /jointset/hip_l/hip_flexion_l/value in storage object.

Model::formCompleteStorages(): WARNING- Did not find column /jointset/hip_l/hip_adduction_l/value in storage object.

Model::formCompleteStorages(): WARNING- Did not find column /jointset/hip_l/hip_rotation_l/value in storage object.

Model::formCompleteStorages(): WARNING- Did not find column /jointset/knee_l/knee_angle_l/value in storage object.

Model::formCompleteStorages(): WARNING- Did not find column /jointset/ankle_l/ankle_angle_l/value in storage object.

Model::formCompleteStorages(): WARNING- Did not find column /jointset/subtalar_l/subtalar_angle_l/value in storage object.

Model::formCompleteStorages(): WARNING- Did not find column /jointset/mtp_l/mtp_angle_l/value in storage object.

Model::formCompleteStorages(): WARNING- Did not find column /jointset/back/lumbar_extension/value in storage object.

Model::formCompleteStorages(): WARNING- Did not find column /jointset/back/lumbar_bending/value in storage object.

Model::formCompleteStorages(): WARNING- Did not find column /jointset/back/lumbar_rotation/value in storage object.

Found 153 state vectors with time stamps ranging from 2.5 to 12.
Executing the analyses from 2.5 to 12...
Printing results of investigation ik_GM_10 to E:\Parameter Optimization Project\US Decompressed\MATLAB Code\SC Patients\SC1\Results_SimpeAnkle\MuscleAnalysis.
Loaded model S1 from file E:\Parameter Optimization Project\US Decompressed\MATLAB Code\SC Patients\SC1\S1.osim
Couldn't find file 'sacrum.vtp'.
Couldn't find file 'pelvis.vtp'.
Couldn't find file 'l_pelvis.vtp'.
Couldn't find file 'femur_r.vtp'.
Couldn't find file 'tibia_r.vtp'.
Couldn't find file 'fibula.vtp'.
Couldn't find file 'talus.vtp'.
Couldn't find file 'foot.vtp'.
Couldn't find file 'bofoot.vtp'.
Couldn't find file 'femur_l.vtp'.
Couldn't find file 'tibia_l.vtp'.
Couldn't find file 'l_fibula.vtp'.
Couldn't find file 'l_talus.vtp'.
Couldn't find file 'l_foot.vtp'.
Couldn't find file 'l_bofoot.vtp'.
Couldn't find file 'hat_spine.vtp'.
Couldn't find file 'hat_jaw.vtp'.
Couldn't find file 'hat_skull.vtp'.
Couldn't find file 'hat_ribs.vtp'.
AbstractTool ik_GM_20 loading model 'E:\Parameter Optimization Project\US Decompressed\MATLAB Code\SC Patients\SC1\S1.osim'
Loaded model S1 from file E:\Parameter Optimization Project\US Decompressed\MATLAB Code\SC Patients\SC1\S1.osim
Couldn't find file 'sacrum.vtp'.
Couldn't find file 'pelvis.vtp'.
Couldn't find file 'l_pelvis.vtp'.
Couldn't find file 'femur_r.vtp'.
Couldn't find file 'tibia_r.vtp'.
Couldn't find file 'fibula.vtp'.
Couldn't find file 'talus.vtp'.
Couldn't find file 'foot.vtp'.
Couldn't find file 'bofoot.vtp'.
Couldn't find file 'femur_l.vtp'.
Couldn't find file 'tibia_l.vtp'.
Couldn't find file 'l_fibula.vtp'.
Couldn't find file 'l_talus.vtp'.
Couldn't find file 'l_foot.vtp'.
Couldn't find file 'l_bofoot.vtp'.
Couldn't find file 'hat_spine.vtp'.
Couldn't find file 'hat_jaw.vtp'.
Couldn't find file 'hat_skull.vtp'.
Couldn't find file 'hat_ribs.vtp'.
No external loads will be applied (external loads file not specified).

Loading coordinates from file .\Output Data\ik_GM_20.mot.
Old version storage/motion file encountered
Storage: read data file =.\Output Data\ik_GM_20.mot (nr=135 nc=2)
.. assuming rotations in Degrees.
Model::formCompleteStorages(): WARNING- Did not find column /jointset/ground_pelvis/pelvis_tilt/value in storage object.

Model::formCompleteStorages(): WARNING- Did not find column /jointset/ground_pelvis/pelvis_list/value in storage object.

Model::formCompleteStorages(): WARNING- Did not find column /jointset/ground_pelvis/pelvis_rotation/value in storage object.

Model::formCompleteStorages(): WARNING- Did not find column /jointset/ground_pelvis/pelvis_tx/value in storage object.

Model::formCompleteStorages(): WARNING- Did not find column /jointset/ground_pelvis/pelvis_ty/value in storage object.

Model::formCompleteStorages(): WARNING- Did not find column /jointset/ground_pelvis/pelvis_tz/value in storage object.

Model::formCompleteStorages(): WARNING- Did not find column /jointset/hip_r/hip_flexion_r/value in storage object.

Model::formCompleteStorages(): WARNING- Did not find column /jointset/hip_r/hip_adduction_r/value in storage object.

Model::formCompleteStorages(): WARNING- Did not find column /jointset/hip_r/hip_rotation_r/value in storage object.

Model::formCompleteStorages(): WARNING- Did not find column /jointset/knee_r/knee_angle_r/value in storage object.

Model::formCompleteStorages(): WARNING- Did not find column /jointset/subtalar_r/subtalar_angle_r/value in storage object.

Model::formCompleteStorages(): WARNING- Did not find column /jointset/mtp_r/mtp_angle_r/value in storage object.

Model::formCompleteStorages(): WARNING- Did not find column /jointset/hip_l/hip_flexion_l/value in storage object.

Model::formCompleteStorages(): WARNING- Did not find column /jointset/hip_l/hip_adduction_l/value in storage object.

Model::formCompleteStorages(): WARNING- Did not find column /jointset/hip_l/hip_rotation_l/value in storage object.

Model::formCompleteStorages(): WARNING- Did not find column /jointset/knee_l/knee_angle_l/value in storage object.

Model::formCompleteStorages(): WARNING- Did not find column /jointset/ankle_l/ankle_angle_l/value in storage object.

Model::formCompleteStorages(): WARNING- Did not find column /jointset/subtalar_l/subtalar_angle_l/value in storage object.

Model::formCompleteStorages(): WARNING- Did not find column /jointset/mtp_l/mtp_angle_l/value in storage object.

Model::formCompleteStorages(): WARNING- Did not find column /jointset/back/lumbar_extension/value in storage object.

Model::formCompleteStorages(): WARNING- Did not find column /jointset/back/lumbar_bending/value in storage object.

Model::formCompleteStorages(): WARNING- Did not find column /jointset/back/lumbar_rotation/value in storage object.

Found 135 state vectors with time stamps ranging from 2.625 to 11.
Executing the analyses from 2.625 to 11...
Printing results of investigation ik_GM_20 to E:\Parameter Optimization Project\US Decompressed\MATLAB Code\SC Patients\SC1\Results_SimpeAnkle\MuscleAnalysis.
Loaded model S1 from file E:\Parameter Optimization Project\US Decompressed\MATLAB Code\SC Patients\SC1\S1.osim
Couldn't find file 'sacrum.vtp'.
Couldn't find file 'pelvis.vtp'.
Couldn't find file 'l_pelvis.vtp'.
Couldn't find file 'femur_r.vtp'.
Couldn't find file 'tibia_r.vtp'.
Couldn't find file 'fibula.vtp'.
Couldn't find file 'talus.vtp'.
Couldn't find file 'foot.vtp'.
Couldn't find file 'bofoot.vtp'.
Couldn't find file 'femur_l.vtp'.
Couldn't find file 'tibia_l.vtp'.
Couldn't find file 'l_fibula.vtp'.
Couldn't find file 'l_talus.vtp'.
Couldn't find file 'l_foot.vtp'.
Couldn't find file 'l_bofoot.vtp'.
Couldn't find file 'hat_spine.vtp'.
Couldn't find file 'hat_jaw.vtp'.
Couldn't find file 'hat_skull.vtp'.
Couldn't find file 'hat_ribs.vtp'.
AbstractTool ik_GM_-5 loading model 'E:\Parameter Optimization Project\US Decompressed\MATLAB Code\SC Patients\SC1\S1.osim'
Loaded model S1 from file E:\Parameter Optimization Project\US Decompressed\MATLAB Code\SC Patients\SC1\S1.osim
Couldn't find file 'sacrum.vtp'.
Couldn't find file 'pelvis.vtp'.
Couldn't find file 'l_pelvis.vtp'.
Couldn't find file 'femur_r.vtp'.
Couldn't find file 'tibia_r.vtp'.
Couldn't find file 'fibula.vtp'.
Couldn't find file 'talus.vtp'.
Couldn't find file 'foot.vtp'.
Couldn't find file 'bofoot.vtp'.
Couldn't find file 'femur_l.vtp'.
Couldn't find file 'tibia_l.vtp'.
Couldn't find file 'l_fibula.vtp'.
Couldn't find file 'l_talus.vtp'.
Couldn't find file 'l_foot.vtp'.
Couldn't find file 'l_bofoot.vtp'.
Couldn't find file 'hat_spine.vtp'.
Couldn't find file 'hat_jaw.vtp'.
Couldn't find file 'hat_skull.vtp'.
Couldn't find file 'hat_ribs.vtp'.
No external loads will be applied (external loads file not specified).

Loading coordinates from file .\Output Data\ik_GM_-5.mot.
Old version storage/motion file encountered
Storage: read data file =.\Output Data\ik_GM_-5.mot (nr=149 nc=2)
.. assuming rotations in Degrees.
Model::formCompleteStorages(): WARNING- Did not find column /jointset/ground_pelvis/pelvis_tilt/value in storage object.

Model::formCompleteStorages(): WARNING- Did not find column /jointset/ground_pelvis/pelvis_list/value in storage object.

Model::formCompleteStorages(): WARNING- Did not find column /jointset/ground_pelvis/pelvis_rotation/value in storage object.

Model::formCompleteStorages(): WARNING- Did not find column /jointset/ground_pelvis/pelvis_tx/value in storage object.

Model::formCompleteStorages(): WARNING- Did not find column /jointset/ground_pelvis/pelvis_ty/value in storage object.

Model::formCompleteStorages(): WARNING- Did not find column /jointset/ground_pelvis/pelvis_tz/value in storage object.

Model::formCompleteStorages(): WARNING- Did not find column /jointset/hip_r/hip_flexion_r/value in storage object.

Model::formCompleteStorages(): WARNING- Did not find column /jointset/hip_r/hip_adduction_r/value in storage object.

Model::formCompleteStorages(): WARNING- Did not find column /jointset/hip_r/hip_rotation_r/value in storage object.

Model::formCompleteStorages(): WARNING- Did not find column /jointset/knee_r/knee_angle_r/value in storage object.

Model::formCompleteStorages(): WARNING- Did not find column /jointset/subtalar_r/subtalar_angle_r/value in storage object.

Model::formCompleteStorages(): WARNING- Did not find column /jointset/mtp_r/mtp_angle_r/value in storage object.

Model::formCompleteStorages(): WARNING- Did not find column /jointset/hip_l/hip_flexion_l/value in storage object.

Model::formCompleteStorages(): WARNING- Did not find column /jointset/hip_l/hip_adduction_l/value in storage object.

Model::formCompleteStorages(): WARNING- Did not find column /jointset/hip_l/hip_rotation_l/value in storage object.

Model::formCompleteStorages(): WARNING- Did not find column /jointset/knee_l/knee_angle_l/value in storage object.

Model::formCompleteStorages(): WARNING- Did not find column /jointset/ankle_l/ankle_angle_l/value in storage object.

Model::formCompleteStorages(): WARNING- Did not find column /jointset/subtalar_l/subtalar_angle_l/value in storage object.

Model::formCompleteStorages(): WARNING- Did not find column /jointset/mtp_l/mtp_angle_l/value in storage object.

Model::formCompleteStorages(): WARNING- Did not find column /jointset/back/lumbar_extension/value in storage object.

Model::formCompleteStorages(): WARNING- Did not find column /jointset/back/lumbar_bending/value in storage object.

Model::formCompleteStorages(): WARNING- Did not find column /jointset/back/lumbar_rotation/value in storage object.

Found 149 state vectors with time stamps ranging from 2.625 to 11.875.
Executing the analyses from 2.625 to 11.875...
Printing results of investigation ik_GM_-5 to E:\Parameter Optimization Project\US Decompressed\MATLAB Code\SC Patients\SC1\Results_SimpeAnkle\MuscleAnalysis.
Loaded model S1 from file E:\Parameter Optimization Project\US Decompressed\MATLAB Code\SC Patients\SC1\S1.osim
Couldn't find file 'sacrum.vtp'.
Couldn't find file 'pelvis.vtp'.
Couldn't find file 'l_pelvis.vtp'.
Couldn't find file 'femur_r.vtp'.
Couldn't find file 'tibia_r.vtp'.
Couldn't find file 'fibula.vtp'.
Couldn't find file 'talus.vtp'.
Couldn't find file 'foot.vtp'.
Couldn't find file 'bofoot.vtp'.
Couldn't find file 'femur_l.vtp'.
Couldn't find file 'tibia_l.vtp'.
Couldn't find file 'l_fibula.vtp'.
Couldn't find file 'l_talus.vtp'.
Couldn't find file 'l_foot.vtp'.
Couldn't find file 'l_bofoot.vtp'.
Couldn't find file 'hat_spine.vtp'.
Couldn't find file 'hat_jaw.vtp'.
Couldn't find file 'hat_skull.vtp'.
Couldn't find file 'hat_ribs.vtp'.
